This file contains any messages produced by compilers while
running configure, to aid debugging if configure makes a mistake.

It was created by termux-tools configure 1.30.2, which was
generated by GNU Autoconf 2.71.  Invocation command line was

  $ ./configure

## --------- ##
## Platform. ##
## --------- ##

hostname = pop-os
uname -m = x86_64
uname -r = 5.19.0-76051900-generic
uname -s = Linux
uname -v = #202207312230~1663791054~22.04~28340d4 SMP PREEMPT_DYNAMIC Wed S

/usr/bin/uname -p = x86_64
/bin/uname -X     = unknown

/bin/arch              = x86_64
/usr/bin/arch -k       = unknown
/usr/convex/getsysinfo = unknown
/usr/bin/hostinfo      = unknown
/bin/machine           = unknown
/usr/bin/oslevel       = unknown
/bin/universe          = unknown

PATH: /usr/local/sbin/
PATH: /usr/local/bin/
PATH: /usr/sbin/
PATH: /usr/bin/
PATH: /sbin/
PATH: /bin/
PATH: /usr/games/
PATH: /usr/local/games/
PATH: /snap/bin/
PATH: /home/itsaky/Android/Sdk/cmdline-tools/latest/bin/
PATH: /home/itsaky/Android/Sdk/platform-tools/
PATH: /home/itsaky/Android/Sdk/emulator/
PATH: /home/itsaky/Programs/act/bin/
PATH: /home/itsaky/Projects/gnirehtet/


## ----------- ##
## Core tests. ##
## ----------- ##

configure:1732: checking whether make sets $(MAKE)
configure:1755: result: yes
configure:1835: checking whether ln -s works
configure:1839: result: yes
configure:1992: creating ./config.status

## ---------------------- ##
## Running config.status. ##
## ---------------------- ##

This file was extended by termux-tools config.status 1.30.2, which was
generated by GNU Autoconf 2.71.  Invocation command line was

  CONFIG_FILES    = 
  CONFIG_HEADERS  = 
  CONFIG_LINKS    = 
  CONFIG_COMMANDS = 
  $ ./config.status 

on pop-os

config.status:707: error: cannot find input file: `Makefile.in'

## ---------------- ##
## Cache variables. ##
## ---------------- ##

ac_cv_env_build_alias_set=
ac_cv_env_build_alias_value=
ac_cv_env_host_alias_set=
ac_cv_env_host_alias_value=
ac_cv_env_target_alias_set=
ac_cv_env_target_alias_value=
ac_cv_prog_make_make_set=yes

## ----------------- ##
## Output variables. ##
## ----------------- ##

DEFS='-DPACKAGE_NAME=\"termux-tools\" -DPACKAGE_TARNAME=\"termux-tools\" -DPACKAGE_VERSION=\"1.30.2\" -DPACKAGE_STRING=\"termux-tools\ 1.30.2\" -DPACKAGE_BUGREPORT=\"support@termux.dev\" -DPACKAGE_URL=\"\" -DCOPYRIGHT=\"Copyright\ \(C\)\ 2022\ Termux.\" -DTERMUX_APP_PACKAGE=\"com.itsaky.androidide\" -DTERMUX_BASE_DIR=\"/data/data/com.itsaky.androidide/files\" -DTERMUX_CACHE_DIR=\"/data/data/com.itsaky.androidide/cache\" -DTERMUX_PREFIX=\"/data/data/com.itsaky.androidide/files/usr\" -DTERMUX_ANDROID_HOME=\"/data/data/com.itsaky.androidide/files/home\" -DTERMUX_PACKAGE_FORMAT=\"debian\" -DTERMUX_PACKAGE_MANAGER=\"apt\"'
ECHO_C=''
ECHO_N='-n'
ECHO_T=''
LIBOBJS=''
LIBS=''
LN_S='ln -s'
LTLIBOBJS=''
PACKAGE_BUGREPORT='support@termux.dev'
PACKAGE_NAME='termux-tools'
PACKAGE_STRING='termux-tools 1.30.2'
PACKAGE_TARNAME='termux-tools'
PACKAGE_URL=''
PACKAGE_VERSION='1.30.2'
PATH_SEPARATOR=':'
SET_MAKE=''
SHELL='/bin/bash'
bindir='${exec_prefix}/bin'
build_alias=''
datadir='${datarootdir}'
datarootdir='${prefix}/share'
docdir='${datarootdir}/doc/${PACKAGE_TARNAME}'
dvidir='${docdir}'
exec_prefix='${prefix}'
host_alias=''
htmldir='${docdir}'
includedir='${prefix}/include'
infodir='${datarootdir}/info'
libdir='${exec_prefix}/lib'
libexecdir='${exec_prefix}/libexec'
localedir='${datarootdir}/locale'
localstatedir='${prefix}/var'
mandir='${datarootdir}/man'
oldincludedir='/usr/include'
pdfdir='${docdir}'
prefix='/usr/local'
program_transform_name='s,x,x,'
psdir='${docdir}'
runstatedir='${localstatedir}/run'
sbindir='${exec_prefix}/sbin'
sharedstatedir='${prefix}/com'
sysconfdir='${prefix}/etc'
target_alias=''
termux_android_home='/data/data/com.itsaky.androidide/files/home'
termux_app_package='com.itsaky.androidide'
termux_base_dir='/data/data/com.itsaky.androidide/files'
termux_cache_dir='/data/data/com.itsaky.androidide/cache'
termux_package_format='debian'
termux_package_manager='apt'
termux_prefix='/data/data/com.itsaky.androidide/files/usr'

## ----------- ##
## confdefs.h. ##
## ----------- ##

/* confdefs.h */
#define PACKAGE_NAME "termux-tools"
#define PACKAGE_TARNAME "termux-tools"
#define PACKAGE_VERSION "1.30.2"
#define PACKAGE_STRING "termux-tools 1.30.2"
#define PACKAGE_BUGREPORT "support@termux.dev"
#define PACKAGE_URL ""
#define COPYRIGHT "Copyright (C) 2022 Termux."
#define TERMUX_APP_PACKAGE "com.itsaky.androidide"
#define TERMUX_BASE_DIR "/data/data/com.itsaky.androidide/files"
#define TERMUX_CACHE_DIR "/data/data/com.itsaky.androidide/cache"
#define TERMUX_PREFIX "/data/data/com.itsaky.androidide/files/usr"
#define TERMUX_ANDROID_HOME "/data/data/com.itsaky.androidide/files/home"
#define TERMUX_PACKAGE_FORMAT "debian"
#define TERMUX_PACKAGE_MANAGER "apt"

configure: exit 1
